<?xml version="1.0" encoding="UTF-8"?>
<!-- Generated by org.testng.reporters.JUnitXMLReporter -->
<testsuite hostname="Ankitas-MacBook-Pro.local" name="Test" tests="4" failures="0" timestamp="28 Dec 2018 06:36:07 GMT" time="169.768" errors="0">
  <testcase name="addAccountEmptyAccountName" time="40.029" classname="com.xero.xeroSeleniumTest"/>
  <testcase name="addAccountEmptyAccountNumber" time="33.109" classname="com.xero.xeroSeleniumTest"/>
  <testcase name="addAccountEmptyAccountType" time="34.085" classname="com.xero.xeroSeleniumTest"/>
  <testcase name="addAccountPositiveTest" time="40.109" classname="com.xero.xeroSeleniumTest"/>
</testsuite> <!-- Test -->
